/opt/anaconda2/lib/python2.7/site-packages/sklearn/ensemble/weight_boosting.py:29: DeprecationWarning: numpy.core.umath_tests is an internal NumPy module and should not be imported. It will be removed in a future NumPy release.
  from numpy.core.umath_tests import inner1d
/opt/anaconda2/lib/python2.7/site-packages/h5py/__init__.py:34: FutureWarning: Conversion of the second argument of issubdtype from `float` to `np.floating` is deprecated. In future, it will be treated as `np.float64 == np.dtype(float).type`.
  from ._conv import register_converters as _register_converters
[Parallel(n_jobs=4)]: Done 412 out of 412 | elapsed:    0.9s finished
[Parallel(n_jobs=4)]: Done  33 tasks      | elapsed:   25.8s
[Parallel(n_jobs=4)]: Done 154 tasks      | elapsed:  1.8min
[Parallel(n_jobs=4)]: Done 357 tasks      | elapsed:  4.3min
[Parallel(n_jobs=4)]: Done 412 out of 412 | elapsed:  5.0min finished
[Parallel(n_jobs=4)]: Done 402 out of 402 | elapsed:    1.0s finished
[Parallel(n_jobs=4)]: Done  33 tasks      | elapsed:   24.5s
[Parallel(n_jobs=4)]: Done 154 tasks      | elapsed:  1.7min
[Parallel(n_jobs=4)]: Done 357 tasks      | elapsed:  3.9min
[Parallel(n_jobs=4)]: Done 402 out of 402 | elapsed:  4.4min finished
Traceback (most recent call last):
  File "correlate predicted awareness with correctness e2 (ack).py", line 102, in <module>
    results['p(correct|awareness)'].append(p_correct_aware/p_aware)
ZeroDivisionError: float division by zero
/opt/anaconda2/lib/python2.7/site-packages/sklearn/ensemble/weight_boosting.py:29: DeprecationWarning: numpy.core.umath_tests is an internal NumPy module and should not be imported. It will be removed in a future NumPy release.
  from numpy.core.umath_tests import inner1d
/opt/anaconda2/lib/python2.7/site-packages/h5py/__init__.py:34: FutureWarning: Conversion of the second argument of issubdtype from `float` to `np.floating` is deprecated. In future, it will be treated as `np.float64 == np.dtype(float).type`.
  from ._conv import register_converters as _register_converters
[Parallel(n_jobs=4)]: Done 412 out of 412 | elapsed:    1.0s finished
[Parallel(n_jobs=4)]: Done  33 tasks      | elapsed:   25.7s
[Parallel(n_jobs=4)]: Done 154 tasks      | elapsed:  2.0min
[Parallel(n_jobs=4)]: Done 357 tasks      | elapsed:  4.7min
[Parallel(n_jobs=4)]: Done 412 out of 412 | elapsed:  5.4min finished
[Parallel(n_jobs=4)]: Done 402 out of 402 | elapsed:    0.7s finished
[Parallel(n_jobs=4)]: Done  33 tasks      | elapsed:   20.1s
[Parallel(n_jobs=4)]: Done 154 tasks      | elapsed:  1.5min
[Parallel(n_jobs=4)]: Done 357 tasks      | elapsed:  3.5min
[Parallel(n_jobs=4)]: Done 402 out of 402 | elapsed:  3.9min finished
Traceback (most recent call last):
  File "correlate predicted awareness with correctness e2 (ack).py", line 102, in <module>
    results['p(correct|awareness)'].append(p_correct_aware/p_aware)
ZeroDivisionError: float division by zero
/opt/anaconda2/lib/python2.7/site-packages/sklearn/ensemble/weight_boosting.py:29: DeprecationWarning: numpy.core.umath_tests is an internal NumPy module and should not be imported. It will be removed in a future NumPy release.
  from numpy.core.umath_tests import inner1d
/opt/anaconda2/lib/python2.7/site-packages/h5py/__init__.py:34: FutureWarning: Conversion of the second argument of issubdtype from `float` to `np.floating` is deprecated. In future, it will be treated as `np.float64 == np.dtype(float).type`.
  from ._conv import register_converters as _register_converters
[Parallel(n_jobs=4)]: Done 412 out of 412 | elapsed:    0.8s finished
[Parallel(n_jobs=4)]: Done  33 tasks      | elapsed:   26.5s
[Parallel(n_jobs=4)]: Done 154 tasks      | elapsed:  2.0min
[Parallel(n_jobs=4)]: Done 357 tasks      | elapsed:  4.7min
[Parallel(n_jobs=4)]: Done 412 out of 412 | elapsed:  5.3min finished
[Parallel(n_jobs=4)]: Done 402 out of 402 | elapsed:    0.8s finished
[Parallel(n_jobs=4)]: Done  33 tasks      | elapsed:   25.9s
[Parallel(n_jobs=4)]: Done 154 tasks      | elapsed:  1.9min
[Parallel(n_jobs=4)]: Done 357 tasks      | elapsed:  4.4min
[Parallel(n_jobs=4)]: Done 402 out of 402 | elapsed:  5.0min finished
[Parallel(n_jobs=4)]: Done 392 out of 392 | elapsed:    1.0s finished
[Parallel(n_jobs=4)]: Done  33 tasks      | elapsed:   25.2s
[Parallel(n_jobs=4)]: Done 154 tasks      | elapsed:  1.9min
[Parallel(n_jobs=4)]: Done 357 tasks      | elapsed:  4.5min
[Parallel(n_jobs=4)]: Done 392 out of 392 | elapsed:  4.9min finished
[Parallel(n_jobs=4)]: Done 382 out of 382 | elapsed:    0.7s finished
[Parallel(n_jobs=4)]: Done  33 tasks      | elapsed:   24.4s
[Parallel(n_jobs=4)]: Done 154 tasks      | elapsed:  1.9min
[Parallel(n_jobs=4)]: Done 357 tasks      | elapsed:  4.3min
[Parallel(n_jobs=4)]: Done 382 out of 382 | elapsed:  4.6min finished
/opt/anaconda2/lib/python2.7/site-packages/sklearn/ensemble/weight_boosting.py:29: DeprecationWarning: numpy.core.umath_tests is an internal NumPy module and should not be imported. It will be removed in a future NumPy release.
  from numpy.core.umath_tests import inner1d
/opt/anaconda2/lib/python2.7/site-packages/h5py/__init__.py:34: FutureWarning: Conversion of the second argument of issubdtype from `float` to `np.floating` is deprecated. In future, it will be treated as `np.float64 == np.dtype(float).type`.
  from ._conv import register_converters as _register_converters
[Parallel(n_jobs=4)]: Done 412 out of 412 | elapsed:    0.8s finished
[Parallel(n_jobs=4)]: Done  33 tasks      | elapsed:   28.5s
[Parallel(n_jobs=4)]: Done 154 tasks      | elapsed:  2.2min
[Parallel(n_jobs=4)]: Done 357 tasks      | elapsed:  5.0min
[Parallel(n_jobs=4)]: Done 412 out of 412 | elapsed:  5.8min finished
[Parallel(n_jobs=4)]: Done 402 out of 402 | elapsed:    1.1s finished
[Parallel(n_jobs=4)]: Done  33 tasks      | elapsed:   28.2s
[Parallel(n_jobs=4)]: Done 154 tasks      | elapsed:  2.2min
[Parallel(n_jobs=4)]: Done 357 tasks      | elapsed:  5.0min
[Parallel(n_jobs=4)]: Done 402 out of 402 | elapsed:  5.7min finished
[Parallel(n_jobs=4)]: Done 392 out of 392 | elapsed:    1.2s finished
[Parallel(n_jobs=4)]: Done  33 tasks      | elapsed:   28.8s
[Parallel(n_jobs=4)]: Done 154 tasks      | elapsed:  2.2min
[Parallel(n_jobs=4)]: Done 357 tasks      | elapsed:  5.1min
[Parallel(n_jobs=4)]: Done 392 out of 392 | elapsed:  5.6min finished
[Parallel(n_jobs=4)]: Done 382 out of 382 | elapsed:    0.9s finished
[Parallel(n_jobs=4)]: Done  33 tasks      | elapsed:   29.6s
[Parallel(n_jobs=4)]: Done 154 tasks      | elapsed:  2.2min
[Parallel(n_jobs=4)]: Done 357 tasks      | elapsed:  5.1min
[Parallel(n_jobs=4)]: Done 382 out of 382 | elapsed:  5.5min finished
/opt/anaconda2/lib/python2.7/site-packages/sklearn/ensemble/weight_boosting.py:29: DeprecationWarning: numpy.core.umath_tests is an internal NumPy module and should not be imported. It will be removed in a future NumPy release.
  from numpy.core.umath_tests import inner1d
/opt/anaconda2/lib/python2.7/site-packages/h5py/__init__.py:34: FutureWarning: Conversion of the second argument of issubdtype from `float` to `np.floating` is deprecated. In future, it will be treated as `np.float64 == np.dtype(float).type`.
  from ._conv import register_converters as _register_converters
[Parallel(n_jobs=4)]: Done 412 out of 412 | elapsed:    1.2s finished
[Parallel(n_jobs=4)]: Done  33 tasks      | elapsed:   35.9s
[Parallel(n_jobs=4)]: Done 154 tasks      | elapsed:  2.6min
[Parallel(n_jobs=4)]: Done 357 tasks      | elapsed:  6.3min
[Parallel(n_jobs=4)]: Done 412 out of 412 | elapsed:  7.1min finished
[Parallel(n_jobs=4)]: Done 402 out of 402 | elapsed:    1.4s finished
[Parallel(n_jobs=4)]: Done  33 tasks      | elapsed:   28.0s
[Parallel(n_jobs=4)]: Done 154 tasks      | elapsed:  2.6min
[Parallel(n_jobs=4)]: Done 357 tasks      | elapsed:  5.8min
[Parallel(n_jobs=4)]: Done 402 out of 402 | elapsed:  6.5min finished
[Parallel(n_jobs=4)]: Done 392 out of 392 | elapsed:    1.4s finished
[Parallel(n_jobs=4)]: Done  33 tasks      | elapsed:   37.7s
[Parallel(n_jobs=4)]: Done 154 tasks      | elapsed:  2.6min
[Parallel(n_jobs=4)]: Done 357 tasks      | elapsed:  5.8min
[Parallel(n_jobs=4)]: Done 392 out of 392 | elapsed:  6.4min finished
[Parallel(n_jobs=4)]: Done 308 tasks      | elapsed:    1.2s
[Parallel(n_jobs=4)]: Done 382 out of 382 | elapsed:    1.3s finished
[Parallel(n_jobs=4)]: Done  33 tasks      | elapsed:   31.6s
[Parallel(n_jobs=4)]: Done 154 tasks      | elapsed:  2.3min
[Parallel(n_jobs=4)]: Done 357 tasks      | elapsed:  5.4min
[Parallel(n_jobs=4)]: Done 382 out of 382 | elapsed:  5.7min finished
